7580 MainProcess 2024-02-01 07:40:52,321
Traceback (most recent call last):
  File "C:\Users\Admin\Documents\GitHub\Svg_File_Reader\venv\Lib\site-packages\pyarmor\cli\__main__.py", line 735, in main
    main_entry(sys.argv[1:])
  File "C:\Users\Admin\Documents\GitHub\Svg_File_Reader\venv\Lib\site-packages\pyarmor\cli\__main__.py", line 723, in main_entry
    return args.func(ctx, args)
           ^^^^^^^^^^^^^^^^^^^^
  File "C:\Users\Admin\Documents\GitHub\Svg_File_Reader\venv\Lib\site-packages\pyarmor\cli\__main__.py", line 236, in cmd_gen
    builder.process(options)
  File "C:\Users\Admin\Documents\GitHub\Svg_File_Reader\venv\Lib\site-packages\pyarmor\cli\generate.py", line 157, in process
    self.ctx.runtime_key = self.generate_runtime_key()
                           ^^^^^^^^^^^^^^^^^^^^^^^^^^^
  File "C:\Users\Admin\Documents\GitHub\Svg_File_Reader\venv\Lib\site-packages\pyarmor\cli\generate.py", line 88, in generate_runtime_key
    return Pytransform3.generate_runtime_key(self.ctx, outer)
           ^^^^^^^^^^^^^^^^^^^^^^^^^^^^^^^^^^^^^^^^^^^^^^^^^^
  File "C:\Users\Admin\Documents\GitHub\Svg_File_Reader\venv\Lib\site-packages\pyarmor\cli\core\__init__.py", line 113, in generate_runtime_key
    return m.generate_runtime_key(ctx, outer)
           ^^^^^^^^^^^^^^^^^^^^^^^^^^^^^^^^^^
  File "<maker>", line 712, in generate_runtime_key
  File "<maker>", line 256, in build
  File "<maker>", line 191, in _pack_runtime_key
ValueError: Invalid isoformat string: '--onedir --noconsole'
